<?xml version="1.0" encoding="UTF-8"?>
<!-- Generated by org.testng.reporters.JUnitReportReporter -->
<testsuite hostname="ICEN062" failures="0" tests="2" name="com.demo.packOne.demoOne" time="0.017" errors="0" timestamp="21 Jun 2018 10:08:19 GMT" skipped="0">
  <testcase classname="com.demo.packOne.demoOne" name="secondTestCase" time="0.001"/>
  <testcase classname="com.demo.packOne.demoOne" name="firstTestCase" time="0.016"/>
</testsuite> <!-- com.demo.packOne.demoOne -->
