<?xml version="1.0" encoding="UTF-8"?>
<!-- Generated by org.testng.reporters.JUnitReportReporter -->
<testsuite hostname="ketan-Inspiron-3521" failures="0" tests="1" name="com.demo.DemoProject.AmazonTest" time="22.066" errors="0" timestamp="27 Jun 2018 10:02:25 GMT" skipped="0">
  <testcase classname="com.demo.DemoProject.AmazonTest" name="testAmazon" time="22.066"/>
</testsuite> <!-- com.demo.DemoProject.AmazonTest -->
