<?xml version="1.0" encoding="UTF-8"?>
<!-- Generated by org.testng.reporters.JUnitReportReporter -->
<testsuite hostname="ICEN062" failures="0" tests="1" name="com.demo.DemoProject.ExtentReport" time="13.977" errors="0" timestamp="21 Jun 2018 10:00:03 GMT" skipped="0">
  <testcase classname="com.demo.DemoProject.ExtentReport" name="test" time="13.977"/>
</testsuite> <!-- com.demo.DemoProject.ExtentReport -->
