<?xml version="1.0" encoding="UTF-8"?>
<!-- Generated by org.testng.reporters.JUnitReportReporter -->
<testsuite hostname="ICEN062" failures="0" tests="1" name="com.demo.DemoProject.ApachePOIDemo" time="14.870" errors="0" timestamp="22 Jun 2018 09:47:52 GMT" skipped="0">
  <testcase classname="com.demo.DemoProject.ApachePOIDemo" name="testPOI" time="14.870"/>
</testsuite> <!-- com.demo.DemoProject.ApachePOIDemo -->
