<?xml version="1.0" encoding="UTF-8"?>
<!-- Generated by org.testng.reporters.JUnitReportReporter -->
<testsuite hostname="ICEN062" failures="0" tests="1" name="com.demo.DemoProject.ApachePOIDemo" time="17.743" errors="0" timestamp="22 Jun 2018 10:38:20 GMT" skipped="0">
  <testcase classname="com.demo.DemoProject.ApachePOIDemo" name="testPOI" time="17.743"/>
</testsuite> <!-- com.demo.DemoProject.ApachePOIDemo -->
